<?xml version="1.0" encoding="UTF-8"?>
<testng-results ignored="0" total="1" passed="1" failed="0" skipped="0">
  <reporter-output>
  </reporter-output>
  <suite started-at="2020-12-28T09:48:43 IST" name="Default suite" finished-at="2020-12-28T09:51:47 IST" duration-ms="184258">
    <groups>
    </groups>
    <test started-at="2020-12-28T09:48:43 IST" name="Default test" finished-at="2020-12-28T09:51:47 IST" duration-ms="184258">
      <class name="com.visionit.internetbankingv2.testCases.LoginTestCase12">
        <test-method is-config="true" signature="setUpsuite()[pri:0, instance:com.visionit.internetbankingv2.testCases.LoginTestCase12@2928854b]" started-at="2020-12-28T09:48:43 IST" name="setUpsuite" finished-at="2020-12-28T09:48:43 IST" duration-ms="16" status="PASS">
          <reporter-output>
          </reporter-output>
        </test-method> <!-- setUpsuite -->
        <test-method is-config="true" signature="setUp(java.lang.String)[pri:0, instance:com.visionit.internetbankingv2.testCases.LoginTestCase12@2928854b]" started-at="2020-12-28T09:48:43 IST" name="setUp" finished-at="2020-12-28T09:51:34 IST" duration-ms="171329" status="PASS">
          <params>
            <param index="0">
              <value>
                <![CDATA[Firefox]]>
              </value>
            </param>
          </params>
          <reporter-output>
          </reporter-output>
        </test-method> <!-- setUp -->
        <test-method signature="logindemo99Test()[pri:0, instance:com.visionit.internetbankingv2.testCases.LoginTestCase12@2928854b]" started-at="2020-12-28T09:51:34 IST" name="logindemo99Test" finished-at="2020-12-28T09:51:45 IST" duration-ms="10514" status="PASS">
          <reporter-output>
          </reporter-output>
        </test-method> <!-- logindemo99Test -->
        <test-method is-config="true" signature="tearDown()[pri:0, instance:com.visionit.internetbankingv2.testCases.LoginTestCase12@2928854b]" started-at="2020-12-28T09:51:45 IST" name="tearDown" finished-at="2020-12-28T09:51:47 IST" duration-ms="2312" status="PASS">
          <reporter-output>
          </reporter-output>
        </test-method> <!-- tearDown -->
      </class> <!-- com.visionit.internetbankingv2.testCases.LoginTestCase12 -->
    </test> <!-- Default test -->
  </suite> <!-- Default suite -->
</testng-results>
